chicano_park/build/app/intermediates/manifest_merge_blame_file/profile/manifest-merger-blame-profile-report.txt
1<?xml version="1.0" encoding="utf-8"?>
2<manifest xmlns:android="http://schemas.android.com/apk/res/android"
3    package="com.rodojo.chicano_park"
4    android:versionCode="1"
5    android:versionName="1.0.0" >
6
7    <uses-sdk
8        android:minSdkVersion="21"
9        android:targetSdkVersion="28" />
10    <!--
11         Flutter needs it to communicate with the running application
12         to allow setting breakpoints, to provide hot reload, etc.
13    -->
14    <uses-permission android:name="android.permission.INTERNET" />
14-->src\profile\AndroidManifest.xml:6:5-66
14-->src\profile\AndroidManifest.xml:6:22-64
15    <uses-permission android:name="android.permission.CAMERA" />
15-->[:camera] AndroidManifest.xml:7:5-65
15-->[:camera] AndroidManifest.xml:7:22-62
16    <uses-permission android:name="android.permission.RECORD_AUDIO" /> <!-- Although the *SdkVersion is captured in gradle build files, this is required for non gradle builds -->
16-->[:camera] AndroidManifest.xml:8:5-71
16-->[:camera] AndroidManifest.xml:8:22-68
17    <!-- <uses-sdk android:minSdkVersion="14" /> -->
18    <uses-permission android:name="android.permission.ACCESS_NETWORK_STATE" />
18-->[com.google.firebase:firebase-firestore:19.0.0] AndroidManifest.xml:13:5-79
18-->[com.google.firebase:firebase-firestore:19.0.0] AndroidManifest.xml:13:22-76
19    <uses-permission android:name="android.permission.WAKE_LOCK" /> <!-- Required by older versions of Google Play services to create IID tokens -->
19-->[com.google.firebase:firebase-iid:18.0.0] AndroidManifest.xml:24:5-68
19-->[com.google.firebase:firebase-iid:18.0.0] AndroidManifest.xml:24:22-65
20    <uses-permission android:name="com.google.android.c2dm.permission.RECEIVE" />
20-->[com.google.firebase:firebase-iid:18.0.0] AndroidManifest.xml:26:5-82
20-->[com.google.firebase:firebase-iid:18.0.0] AndroidManifest.xml:26:22-79
21    <!--
22 io.flutter.app.FlutterApplication is an android.app.Application that
23         calls FlutterMain.startInitialization(this); in its onCreate method.
24         In most cases you can leave this as-is, but you if you want to provide
25         additional functionality it is fine to subclass or reimplement
26         FlutterApplication and put your custom class here.
27    -->
28    <application
28-->src\main\AndroidManifest.xml:9:5-32:19
29        android:name="io.flutter.app.FlutterApplication"
29-->src\main\AndroidManifest.xml:10:9-57
30        android:appComponentFactory="androidx.core.app.CoreComponentFactory"
30-->[androidx.core:core:1.0.0] AndroidManifest.xml:22:18-86
31        android:debuggable="true"
32        android:icon="@mipmap/launcher_icon"
32-->src\main\AndroidManifest.xml:12:9-45
33        android:label="chicano_park" >
33-->src\main\AndroidManifest.xml:11:9-37
34        <activity
34-->src\main\AndroidManifest.xml:13:9-31:20
35            android:name="com.example.chicano_park.MainActivity"
35-->src\main\AndroidManifest.xml:14:13-41
36            android:configChanges="orientation|keyboardHidden|keyboard|screenSize|locale|layoutDirection|fontScale|screenLayout|density|uiMode"
36-->src\main\AndroidManifest.xml:17:13-144
37            android:hardwareAccelerated="true"
37-->src\main\AndroidManifest.xml:18:13-47
38            android:launchMode="singleTop"
38-->src\main\AndroidManifest.xml:15:13-43
39            android:theme="@style/LaunchTheme"
39-->src\main\AndroidManifest.xml:16:13-47
40            android:windowSoftInputMode="adjustResize" >
40-->src\main\AndroidManifest.xml:19:13-55
41
42            <!--
43                 This keeps the window background of the activity showing
44                 until Flutter renders its first frame. It can be removed if
45                 there is no splash screen (such as the default splash screen
46                 defined in @style/LaunchTheme).
47            -->
48            <meta-data
48-->src\main\AndroidManifest.xml:24:13-26:40
49                android:name="io.flutter.app.android.SplashScreenUntilFirstFrame"
49-->src\main\AndroidManifest.xml:25:17-82
50                android:value="true" />
50-->src\main\AndroidManifest.xml:26:17-37
51
52            <intent-filter>
52-->src\main\AndroidManifest.xml:27:13-30:29
53                <action android:name="android.intent.action.MAIN" />
53-->src\main\AndroidManifest.xml:28:17-68
53-->src\main\AndroidManifest.xml:28:25-66
54
55                <category android:name="android.intent.category.LAUNCHER" />
55-->src\main\AndroidManifest.xml:29:17-76
55-->src\main\AndroidManifest.xml:29:27-74
56            </intent-filter>
57        </activity>
58
59        <service
59-->[:cloud_firestore] AndroidManifest.xml:8:9-12:19
60            android:name="com.google.firebase.components.ComponentDiscoveryService"
60-->[:cloud_firestore] AndroidManifest.xml:8:18-89
61            android:exported="false" >
61-->[com.google.firebase:firebase-iid:18.0.0] AndroidManifest.xml:31:13-37
62            <meta-data
62-->[:cloud_firestore] AndroidManifest.xml:9:13-11:85
63                android:name="com.google.firebase.components:io.flutter.plugins.firebase.cloudfirestore.FlutterFirebaseAppRegistrar"
63-->[:cloud_firestore] AndroidManifest.xml:10:17-133
64                android:value="com.google.firebase.components.ComponentRegistrar" />
64-->[:cloud_firestore] AndroidManifest.xml:11:17-82
65            <meta-data
65-->[:firebase_livestream_ml_vision] AndroidManifest.xml:11:13-13:85
66                android:name="com.google.firebase.components:io.flutter.plugins.firebaselivestreammlvision.FlutterFirebaseAppRegistrar"
66-->[:firebase_livestream_ml_vision] AndroidManifest.xml:12:17-136
67                android:value="com.google.firebase.components.ComponentRegistrar" />
67-->[:firebase_livestream_ml_vision] AndroidManifest.xml:13:17-82
68            <meta-data
68-->[:firebase_core] AndroidManifest.xml:9:13-11:85
69                android:name="com.google.firebase.components:io.flutter.plugins.firebase.core.FlutterFirebaseAppRegistrar"
69-->[:firebase_core] AndroidManifest.xml:10:17-123
70                android:value="com.google.firebase.components.ComponentRegistrar" />
70-->[:firebase_core] AndroidManifest.xml:11:17-82
71            <meta-data
71-->[:firebase_storage] AndroidManifest.xml:9:13-11:85
72                android:name="com.google.firebase.components:io.flutter.plugins.firebase.storage.FlutterFirebaseAppRegistrar"
72-->[:firebase_storage] AndroidManifest.xml:10:17-126
73                android:value="com.google.firebase.components.ComponentRegistrar" />
73-->[:firebase_storage] AndroidManifest.xml:11:17-82
74            <meta-data
74-->[com.google.firebase:firebase-firestore:19.0.0] AndroidManifest.xml:18:13-20:85
75                android:name="com.google.firebase.components:com.google.firebase.firestore.FirestoreRegistrar"
75-->[com.google.firebase:firebase-firestore:19.0.0] AndroidManifest.xml:19:17-111
76                android:value="com.google.firebase.components.ComponentRegistrar" />
76-->[com.google.firebase:firebase-firestore:19.0.0] AndroidManifest.xml:20:17-82
77            <meta-data
77-->[com.google.firebase:firebase-storage:17.0.0] AndroidManifest.xml:31:13-33:85
78                android:name="com.google.firebase.components:com.google.firebase.storage.StorageRegistrar"
78-->[com.google.firebase:firebase-storage:17.0.0] AndroidManifest.xml:32:17-107
79                android:value="com.google.firebase.components.ComponentRegistrar" />
79-->[com.google.firebase:firebase-storage:17.0.0] AndroidManifest.xml:33:17-82
80            <meta-data
80-->[com.google.firebase:firebase-iid:18.0.0] AndroidManifest.xml:32:13-34:85
81                android:name="com.google.firebase.components:com.google.firebase.iid.Registrar"
81-->[com.google.firebase:firebase-iid:18.0.0] AndroidManifest.xml:33:17-96
82                android:value="com.google.firebase.components.ComponentRegistrar" />
82-->[com.google.firebase:firebase-iid:18.0.0] AndroidManifest.xml:34:17-82
83        </service>
84
85        <receiver
85-->[com.google.firebase:firebase-iid:18.0.0] AndroidManifest.xml:37:9-44:20
86            android:name="com.google.firebase.iid.FirebaseInstanceIdReceiver"
86-->[com.google.firebase:firebase-iid:18.0.0] AndroidManifest.xml:38:13-78
87            android:exported="true"
87-->[com.google.firebase:firebase-iid:18.0.0] AndroidManifest.xml:39:13-36
88            android:permission="com.google.android.c2dm.permission.SEND" >
88-->[com.google.firebase:firebase-iid:18.0.0] AndroidManifest.xml:40:13-73
89            <intent-filter>
89-->[com.google.firebase:firebase-iid:18.0.0] AndroidManifest.xml:41:13-43:29
90                <action android:name="com.google.android.c2dm.intent.RECEIVE" />
90-->[com.google.firebase:firebase-iid:18.0.0] AndroidManifest.xml:42:17-81
90-->[com.google.firebase:firebase-iid:18.0.0] AndroidManifest.xml:42:25-78
91            </intent-filter>
92        </receiver>
93
94        <provider
94-->[com.google.firebase:firebase-common:17.0.0] AndroidManifest.xml:12:9-16:39
95            android:name="com.google.firebase.provider.FirebaseInitProvider"
95-->[com.google.firebase:firebase-common:17.0.0] AndroidManifest.xml:13:13-77
96            android:authorities="com.rodojo.chicano_park.firebaseinitprovider"
96-->[com.google.firebase:firebase-common:17.0.0] AndroidManifest.xml:14:13-72
97            android:exported="false"
97-->[com.google.firebase:firebase-common:17.0.0] AndroidManifest.xml:15:13-37
98            android:initOrder="100" />
98-->[com.google.firebase:firebase-common:17.0.0] AndroidManifest.xml:16:13-36
99
100        <activity
100-->[com.google.android.gms:play-services-base:16.0.1] AndroidManifest.xml:23:9-26:75
101            android:name="com.google.android.gms.common.api.GoogleApiActivity"
101-->[com.google.android.gms:play-services-base:16.0.1] AndroidManifest.xml:24:13-79
102            android:exported="false"
102-->[com.google.android.gms:play-services-base:16.0.1] AndroidManifest.xml:25:13-37
103            android:theme="@android:style/Theme.Translucent.NoTitleBar" />
103-->[com.google.android.gms:play-services-base:16.0.1] AndroidManifest.xml:26:13-72
104
105        <meta-data
105-->[com.google.android.gms:play-services-basement:16.1.0] AndroidManifest.xml:23:9-25:69
106            android:name="com.google.android.gms.version"
106-->[com.google.android.gms:play-services-basement:16.1.0] AndroidManifest.xml:24:13-58
107            android:value="@integer/google_play_services_version" />
107-->[com.google.android.gms:play-services-basement:16.1.0] AndroidManifest.xml:25:13-66
108    </application>
109
110</manifest>